<?xml version="1.0" encoding="UTF-8"?>
<!-- Generated by org.testng.reporters.JUnitReportReporter -->
<testsuite hostname="INLEN8520028251" failures="0" tests="1" name="seleniumFrameworkDesign.Tests.ErrorValidations" time="6.292" errors="0" timestamp="2024-03-21T16:31:28 IST" skipped="0">
  <testcase classname="seleniumFrameworkDesign.Tests.ErrorValidations" name="SubmitOrder" time="6.292"/>
  <system-out/>
</testsuite> <!-- seleniumFrameworkDesign.Tests.ErrorValidations -->
