<?xml version="1.0" encoding="UTF-8"?>
<!-- Generated by org.testng.reporters.JUnitReportReporter -->
<testsuite hostname="INLEN8520028251" failures="0" tests="1" name="cucumber.TestNGTestRunner" time="28.350" errors="0" timestamp="2024-04-15T14:22:50 IST" skipped="0">
  <testcase classname="cucumber.TestNGTestRunner" name="runScenario" time="28.350"/>
  <system-out/>
</testsuite> <!-- cucumber.TestNGTestRunner -->
