<?xml version="1.0" encoding="UTF-8"?>
<!-- Generated by org.testng.reporters.JUnitReportReporter -->
<testsuite hostname="INLEN8520028251" failures="0" tests="2" name="seleniumFrameworkDesign.Tests.StandaloneTest2_Improvised" time="64.871" errors="0" timestamp="2024-04-10T18:40:52 IST" skipped="0">
  <testcase classname="seleniumFrameworkDesign.Tests.StandaloneTest2_Improvised" name="SubmitOrder" time="27.246"/>
  <system-out/>
  <testcase classname="seleniumFrameworkDesign.Tests.StandaloneTest2_Improvised" name="SubmitOrder" time="37.625"/>
  <system-out/>
</testsuite> <!-- seleniumFrameworkDesign.Tests.StandaloneTest2_Improvised -->
