<?xml version="1.0" encoding="UTF-8"?>
<!-- Generated by org.testng.reporters.JUnitReportReporter -->
<testsuite hostname="INLEN8520028251" failures="0" tests="2" name="seleniumFrameworkDesign.Tests.ErrorValidationsTest" time="26.816" errors="0" timestamp="2024-04-15T14:44:00 IST" skipped="0">
  <testcase classname="seleniumFrameworkDesign.Tests.ErrorValidationsTest" name="LoginPageErrorValidations" time="6.100"/>
  <system-out/>
  <testcase classname="seleniumFrameworkDesign.Tests.ErrorValidationsTest" name="ProductPageErrorValidations" time="20.716"/>
  <system-out/>
</testsuite> <!-- seleniumFrameworkDesign.Tests.ErrorValidationsTest -->
