<?xml version="1.0" encoding="UTF-8"?>
<!-- Generated by org.testng.reporters.JUnitReportReporter -->
<testsuite hostname="INLEN8520028251" failures="0" tests="1" name="cucumber.TestNGTestRunner" time="29.116" errors="0" timestamp="2024-04-15T14:47:50 IST" skipped="0">
  <testcase classname="cucumber.TestNGTestRunner" name="runScenario" time="29.116"/>
  <system-out/>
</testsuite> <!-- cucumber.TestNGTestRunner -->
